#! /usr/bin/vvp
:ivl_version "10.0 (stable)";
:ivl_delay_selection "TYPICAL";
:vpi_time_precision - 12;
:vpi_module "system";
:vpi_module "vhdl_sys";
:vpi_module "v2005_math";
:vpi_module "va_math";
S_0x55b245f165e0 .scope module, "hello_world" "hello_world" 2 5;
 .timescale -9 -12;
v0x55b245f36b60_0 .var "a", 15 0;
v0x55b245f36c20_0 .var "b", 15 0;
v0x55b245f36cc0_0 .net "s", 15 0, L_0x55b245f36dc0;  1 drivers
S_0x55b245f16760 .scope module, "sumTest" "Sum" 2 13, 3 21 0, S_0x55b245f165e0;
 .timescale -9 -12;
    .port_info 0 /INPUT 16 "a"
    .port_info 1 /INPUT 16 "b"
    .port_info 2 /OUTPUT 16 "s"
v0x55b245f16980_0 .net "a", 15 0, v0x55b245f36b60_0;  1 drivers
v0x55b245f36940_0 .net "b", 15 0, v0x55b245f36c20_0;  1 drivers
v0x55b245f36a20_0 .net "s", 15 0, L_0x55b245f36dc0;  alias, 1 drivers
L_0x55b245f36dc0 .arith/sum 16, v0x55b245f36b60_0, v0x55b245f36c20_0;
    .scope S_0x55b245f16760;
T_0 ;
    %delay 20000, 0;
    %vpi_call 3 28 "$finish" {0 0 0};
    %end;
    .thread T_0;
    .scope S_0x55b245f165e0;
T_1 ;
    %pushi/vec4 89, 0, 16;
    %store/vec4 v0x55b245f36b60_0, 0, 16;
    %pushi/vec4 64, 0, 16;
    %store/vec4 v0x55b245f36c20_0, 0, 16;
    %vpi_call 2 18 "$display", "Hello again!\012" {0 0 0};
    %vpi_call 2 19 "$monitor", "The sum of %d and %d is %d", v0x55b245f36b60_0, v0x55b245f36c20_0, v0x55b245f36cc0_0 {0 0 0};
    %delay 80000, 0;
    %vpi_call 2 20 "$finish" {0 0 0};
    %end;
    .thread T_1;
# The file index is used to find the file name in the following table.
:file_names 4;
    "N/A";
    "<interactive>";
    "hello.v";
    "sum.v";
