Running: /opt/Xilinx/14.7/ISE_DS/ISE/bin/lin64/unwrapped/fuse -intstyle ise -incremental -lib unisims_ver -lib unimacro_ver -lib xilinxcorelib_ver -lib secureip -o /home/csusb.edu/005319687/CSE310/lab2/HelloProject/hello_world_isim_beh.exe -prj /home/csusb.edu/005319687/CSE310/lab2/HelloProject/hello_world_beh.prj work.hello_world work.glbl 
ISim P.20131013 (signature 0xfbc00daa)
Number of CPUs detected in this system: 8
Turning on mult-threading, number of parallel sub-compilation jobs: 16 
Determining compilation order of HDL files
Analyzing Verilog file "/home/csusb.edu/005319687/CSE310/lab2/HelloProject/sum.v" into library work
Analyzing Verilog file "/home/csusb.edu/005319687/CSE310/lab2/HelloProject/hello.v" into library work
Analyzing Verilog file "/opt/Xilinx/14.7/ISE_DS/ISE//verilog/src/glbl.v" into library work
Starting static elaboration
Completed static elaboration
Fuse Memory Usage: 95244 KB
Fuse CPU Usage: 800 ms
Compiling module Sum
Compiling module hello_world
Compiling module glbl
Time Resolution for simulation is 1ps.
Waiting for 1 sub-compilation(s) to finish...
Compiled 3 Verilog Units
Built simulation executable /home/csusb.edu/005319687/CSE310/lab2/HelloProject/hello_world_isim_beh.exe
Fuse Memory Usage: 1179704 KB
Fuse CPU Usage: 810 ms
GCC CPU Usage: 170 ms
