#! /usr/bin/vvp
:ivl_version "10.0 (stable)";
:ivl_delay_selection "TYPICAL";
:vpi_time_precision + 0;
:vpi_module "system";
:vpi_module "vhdl_sys";
:vpi_module "v2005_math";
:vpi_module "va_math";
S_0x561c43b368a0 .scope module, "testBoolean" "testBoolean" 2 1;
 .timescale 0 0;
v0x561c43b57980_0 .var "A", 0 0;
v0x561c43b57a40_0 .var "B", 0 0;
v0x561c43b57b50_0 .var "C", 0 0;
v0x561c43b57c40_0 .var "D", 0 0;
v0x561c43b57d30_0 .net "E", 0 0, L_0x561c43b33aa0;  1 drivers
v0x561c43b57e20_0 .net "E2", 0 0, L_0x561c43b585e0;  1 drivers
v0x561c43b57ec0_0 .net "F", 0 0, L_0x561c43b584d0;  1 drivers
v0x561c43b57f60_0 .net "F2", 0 0, L_0x561c43b58ae0;  1 drivers
S_0x561c43b36a20 .scope module, "test1" "boolean1" 2 34, 3 7 0, S_0x561c43b368a0;
 .timescale 0 0;
    .port_info 0 /OUTPUT 1 "E"
    .port_info 1 /OUTPUT 1 "F"
    .port_info 2 /INPUT 1 "A"
    .port_info 3 /INPUT 1 "B"
    .port_info 4 /INPUT 1 "C"
    .port_info 5 /INPUT 1 "D"
L_0x561c43b33aa0 .functor OR 1, v0x561c43b57980_0, v0x561c43b57a40_0, C4<0>, C4<0>;
L_0x561c43b58180 .functor AND 1, v0x561c43b57980_0, L_0x561c43b58050, C4<1>, C4<1>;
L_0x561c43b58320 .functor AND 1, v0x561c43b57980_0, L_0x561c43b58280, C4<1>, C4<1>;
L_0x561c43b58390 .functor OR 1, L_0x561c43b58180, L_0x561c43b58320, C4<0>, C4<0>;
L_0x561c43b584d0 .functor OR 1, L_0x561c43b58390, v0x561c43b57b50_0, C4<0>, C4<0>;
v0x561c43b36c40_0 .net "A", 0 0, v0x561c43b57980_0;  1 drivers
v0x561c43b566a0_0 .net "B", 0 0, v0x561c43b57a40_0;  1 drivers
v0x561c43b56760_0 .net "C", 0 0, v0x561c43b57b50_0;  1 drivers
v0x561c43b56800_0 .net "D", 0 0, v0x561c43b57c40_0;  1 drivers
v0x561c43b568c0_0 .net "E", 0 0, L_0x561c43b33aa0;  alias, 1 drivers
v0x561c43b569d0_0 .net "F", 0 0, L_0x561c43b584d0;  alias, 1 drivers
v0x561c43b56a90_0 .net *"_s10", 0 0, L_0x561c43b58390;  1 drivers
v0x561c43b56b50_0 .net *"_s3", 0 0, L_0x561c43b58050;  1 drivers
v0x561c43b56c10_0 .net *"_s4", 0 0, L_0x561c43b58180;  1 drivers
v0x561c43b56cd0_0 .net *"_s7", 0 0, L_0x561c43b58280;  1 drivers
v0x561c43b56d90_0 .net *"_s8", 0 0, L_0x561c43b58320;  1 drivers
L_0x561c43b58050 .reduce/nor v0x561c43b57a40_0;
L_0x561c43b58280 .reduce/nor v0x561c43b57c40_0;
S_0x561c43b56f10 .scope module, "test2" "boolean2" 2 37, 3 19 0, S_0x561c43b368a0;
 .timescale 0 0;
    .port_info 0 /OUTPUT 1 "E"
    .port_info 1 /OUTPUT 1 "F"
    .port_info 2 /INPUT 1 "A"
    .port_info 3 /INPUT 1 "B"
    .port_info 4 /INPUT 1 "C"
    .port_info 5 /INPUT 1 "D"
L_0x561c43b585e0 .functor OR 1, v0x561c43b57980_0, v0x561c43b57a40_0, C4<0>, C4<0>;
L_0x561c43b58740 .functor AND 1, v0x561c43b57980_0, L_0x561c43b586a0, C4<1>, C4<1>;
L_0x561c43b58930 .functor AND 1, v0x561c43b57980_0, L_0x561c43b58800, C4<1>, C4<1>;
L_0x561c43b589a0 .functor OR 1, L_0x561c43b58740, L_0x561c43b58930, C4<0>, C4<0>;
L_0x561c43b58ae0 .functor OR 1, L_0x561c43b589a0, v0x561c43b57b50_0, C4<0>, C4<0>;
v0x561c43b57150_0 .net "A", 0 0, v0x561c43b57980_0;  alias, 1 drivers
v0x561c43b571f0_0 .net "B", 0 0, v0x561c43b57a40_0;  alias, 1 drivers
v0x561c43b57290_0 .net "C", 0 0, v0x561c43b57b50_0;  alias, 1 drivers
v0x561c43b57330_0 .net "D", 0 0, v0x561c43b57c40_0;  alias, 1 drivers
v0x561c43b573d0_0 .net "E", 0 0, L_0x561c43b585e0;  alias, 1 drivers
v0x561c43b574c0_0 .net "F", 0 0, L_0x561c43b58ae0;  alias, 1 drivers
v0x561c43b57560_0 .net *"_s10", 0 0, L_0x561c43b589a0;  1 drivers
v0x561c43b57600_0 .net *"_s3", 0 0, L_0x561c43b586a0;  1 drivers
v0x561c43b576a0_0 .net *"_s4", 0 0, L_0x561c43b58740;  1 drivers
v0x561c43b57740_0 .net *"_s7", 0 0, L_0x561c43b58800;  1 drivers
v0x561c43b57800_0 .net *"_s8", 0 0, L_0x561c43b58930;  1 drivers
L_0x561c43b586a0 .reduce/nor v0x561c43b57a40_0;
L_0x561c43b58800 .reduce/nor v0x561c43b57c40_0;
    .scope S_0x561c43b368a0;
T_0 ;
    %vpi_call 2 9 "$display", "time\011    A   B   C   D   E   F   E2  F2" {0 0 0};
    %vpi_call 2 10 "$monitor", "%g\011    %b   %b   %b   %b   %b   %b    %b   %b", $time, v0x561c43b57980_0, v0x561c43b57a40_0, v0x561c43b57b50_0, v0x561c43b57c40_0, v0x561c43b57d30_0, v0x561c43b57ec0_0, v0x561c43b57e20_0, v0x561c43b57f60_0 {0 0 0};
    %pushi/vec4 0, 0, 1;
    %store/vec4 v0x561c43b57980_0, 0, 1;
    %pushi/vec4 0, 0, 1;
    %store/vec4 v0x561c43b57a40_0, 0, 1;
    %pushi/vec4 0, 0, 1;
    %store/vec4 v0x561c43b57b50_0, 0, 1;
    %pushi/vec4 0, 0, 1;
    %store/vec4 v0x561c43b57c40_0, 0, 1;
    %delay 75, 0;
    %vpi_call 2 17 "$finish" {0 0 0};
    %end;
    .thread T_0;
    .scope S_0x561c43b368a0;
T_1 ;
    %delay 5, 0;
    %load/vec4 v0x561c43b57c40_0;
    %inv;
    %store/vec4 v0x561c43b57c40_0, 0, 1;
    %jmp T_1;
    .thread T_1;
    .scope S_0x561c43b368a0;
T_2 ;
    %delay 10, 0;
    %load/vec4 v0x561c43b57b50_0;
    %inv;
    %store/vec4 v0x561c43b57b50_0, 0, 1;
    %jmp T_2;
    .thread T_2;
    .scope S_0x561c43b368a0;
T_3 ;
    %delay 20, 0;
    %load/vec4 v0x561c43b57a40_0;
    %inv;
    %store/vec4 v0x561c43b57a40_0, 0, 1;
    %jmp T_3;
    .thread T_3;
    .scope S_0x561c43b368a0;
T_4 ;
    %delay 40, 0;
    %load/vec4 v0x561c43b57980_0;
    %inv;
    %store/vec4 v0x561c43b57980_0, 0, 1;
    %jmp T_4;
    .thread T_4;
# The file index is used to find the file name in the following table.
:file_names 4;
    "N/A";
    "<interactive>";
    "booleantest2.v";
    "boolean2.v";
