#! /usr/bin/vvp
:ivl_version "10.0 (stable)";
:ivl_delay_selection "TYPICAL";
:vpi_time_precision + 0;
:vpi_module "system";
:vpi_module "vhdl_sys";
:vpi_module "v2005_math";
:vpi_module "va_math";
S_0x55ec1d5e6790 .scope module, "test" "test" 2 30;
 .timescale 0 0;
v0x55ec1d606d80_0 .var "bcd", 3 0;
v0x55ec1d606e40_0 .net "leds", 6 0, v0x55ec1d606c40_0;  1 drivers
S_0x55ec1d5e6910 .scope module, "a1" "seg7" 2 33, 2 1 0, S_0x55ec1d5e6790;
 .timescale 0 0;
    .port_info 0 /INPUT 4 "bcd"
    .port_info 1 /OUTPUT 7 "leds"
v0x55ec1d5e6b40_0 .net "bcd", 3 0, v0x55ec1d606d80_0;  1 drivers
v0x55ec1d606c40_0 .var "leds", 6 0;
E_0x55ec1d5a6850 .event edge, v0x55ec1d5e6b40_0;
    .scope S_0x55ec1d5e6910;
T_0 ;
    %wait E_0x55ec1d5a6850;
    %load/vec4 v0x55ec1d5e6b40_0;
    %dup/vec4;
    %pushi/vec4 0, 0, 4;
    %cmp/u;
    %jmp/1 T_0.0, 6;
    %dup/vec4;
    %pushi/vec4 1, 0, 4;
    %cmp/u;
    %jmp/1 T_0.1, 6;
    %dup/vec4;
    %pushi/vec4 2, 0, 4;
    %cmp/u;
    %jmp/1 T_0.2, 6;
    %dup/vec4;
    %pushi/vec4 3, 0, 4;
    %cmp/u;
    %jmp/1 T_0.3, 6;
    %dup/vec4;
    %pushi/vec4 4, 0, 4;
    %cmp/u;
    %jmp/1 T_0.4, 6;
    %dup/vec4;
    %pushi/vec4 5, 0, 4;
    %cmp/u;
    %jmp/1 T_0.5, 6;
    %dup/vec4;
    %pushi/vec4 6, 0, 4;
    %cmp/u;
    %jmp/1 T_0.6, 6;
    %dup/vec4;
    %pushi/vec4 7, 0, 4;
    %cmp/u;
    %jmp/1 T_0.7, 6;
    %dup/vec4;
    %pushi/vec4 8, 0, 4;
    %cmp/u;
    %jmp/1 T_0.8, 6;
    %dup/vec4;
    %pushi/vec4 9, 0, 4;
    %cmp/u;
    %jmp/1 T_0.9, 6;
    %dup/vec4;
    %pushi/vec4 10, 0, 4;
    %cmp/u;
    %jmp/1 T_0.10, 6;
    %dup/vec4;
    %pushi/vec4 11, 0, 4;
    %cmp/u;
    %jmp/1 T_0.11, 6;
    %dup/vec4;
    %pushi/vec4 12, 0, 4;
    %cmp/u;
    %jmp/1 T_0.12, 6;
    %dup/vec4;
    %pushi/vec4 13, 0, 4;
    %cmp/u;
    %jmp/1 T_0.13, 6;
    %dup/vec4;
    %pushi/vec4 14, 0, 4;
    %cmp/u;
    %jmp/1 T_0.14, 6;
    %dup/vec4;
    %pushi/vec4 15, 0, 4;
    %cmp/u;
    %jmp/1 T_0.15, 6;
    %pushi/vec4 127, 127, 7;
    %store/vec4 v0x55ec1d606c40_0, 0, 7;
    %jmp T_0.17;
T_0.0 ;
    %pushi/vec4 126, 0, 7;
    %store/vec4 v0x55ec1d606c40_0, 0, 7;
    %jmp T_0.17;
T_0.1 ;
    %pushi/vec4 48, 0, 7;
    %store/vec4 v0x55ec1d606c40_0, 0, 7;
    %jmp T_0.17;
T_0.2 ;
    %pushi/vec4 109, 0, 7;
    %store/vec4 v0x55ec1d606c40_0, 0, 7;
    %jmp T_0.17;
T_0.3 ;
    %pushi/vec4 121, 0, 7;
    %store/vec4 v0x55ec1d606c40_0, 0, 7;
    %jmp T_0.17;
T_0.4 ;
    %pushi/vec4 51, 0, 7;
    %store/vec4 v0x55ec1d606c40_0, 0, 7;
    %jmp T_0.17;
T_0.5 ;
    %pushi/vec4 91, 0, 7;
    %store/vec4 v0x55ec1d606c40_0, 0, 7;
    %jmp T_0.17;
T_0.6 ;
    %pushi/vec4 95, 0, 7;
    %store/vec4 v0x55ec1d606c40_0, 0, 7;
    %jmp T_0.17;
T_0.7 ;
    %pushi/vec4 112, 0, 7;
    %store/vec4 v0x55ec1d606c40_0, 0, 7;
    %jmp T_0.17;
T_0.8 ;
    %pushi/vec4 127, 0, 7;
    %store/vec4 v0x55ec1d606c40_0, 0, 7;
    %jmp T_0.17;
T_0.9 ;
    %pushi/vec4 123, 0, 7;
    %store/vec4 v0x55ec1d606c40_0, 0, 7;
    %jmp T_0.17;
T_0.10 ;
    %pushi/vec4 119, 0, 7;
    %store/vec4 v0x55ec1d606c40_0, 0, 7;
    %jmp T_0.17;
T_0.11 ;
    %pushi/vec4 31, 0, 7;
    %store/vec4 v0x55ec1d606c40_0, 0, 7;
    %jmp T_0.17;
T_0.12 ;
    %pushi/vec4 78, 0, 7;
    %store/vec4 v0x55ec1d606c40_0, 0, 7;
    %jmp T_0.17;
T_0.13 ;
    %pushi/vec4 61, 0, 7;
    %store/vec4 v0x55ec1d606c40_0, 0, 7;
    %jmp T_0.17;
T_0.14 ;
    %pushi/vec4 79, 0, 7;
    %store/vec4 v0x55ec1d606c40_0, 0, 7;
    %jmp T_0.17;
T_0.15 ;
    %pushi/vec4 71, 0, 7;
    %store/vec4 v0x55ec1d606c40_0, 0, 7;
    %jmp T_0.17;
T_0.17 ;
    %pop/vec4 1;
    %jmp T_0;
    .thread T_0, $push;
    .scope S_0x55ec1d5e6790;
T_1 ;
    %vpi_call 2 35 "$monitor", "Value of BCD= %d, SEG = %b", v0x55ec1d606d80_0, v0x55ec1d606e40_0 {0 0 0};
    %pushi/vec4 0, 0, 4;
    %store/vec4 v0x55ec1d606d80_0, 0, 4;
    %delay 5, 0;
    %pushi/vec4 1, 0, 4;
    %store/vec4 v0x55ec1d606d80_0, 0, 4;
    %delay 5, 0;
    %pushi/vec4 2, 0, 4;
    %store/vec4 v0x55ec1d606d80_0, 0, 4;
    %delay 5, 0;
    %pushi/vec4 3, 0, 4;
    %store/vec4 v0x55ec1d606d80_0, 0, 4;
    %delay 5, 0;
    %pushi/vec4 4, 0, 4;
    %store/vec4 v0x55ec1d606d80_0, 0, 4;
    %delay 5, 0;
    %pushi/vec4 5, 0, 4;
    %store/vec4 v0x55ec1d606d80_0, 0, 4;
    %delay 5, 0;
    %pushi/vec4 6, 0, 4;
    %store/vec4 v0x55ec1d606d80_0, 0, 4;
    %delay 5, 0;
    %pushi/vec4 7, 0, 4;
    %store/vec4 v0x55ec1d606d80_0, 0, 4;
    %delay 5, 0;
    %pushi/vec4 8, 0, 4;
    %store/vec4 v0x55ec1d606d80_0, 0, 4;
    %delay 5, 0;
    %pushi/vec4 9, 0, 4;
    %store/vec4 v0x55ec1d606d80_0, 0, 4;
    %delay 5, 0;
    %pushi/vec4 10, 0, 4;
    %store/vec4 v0x55ec1d606d80_0, 0, 4;
    %delay 5, 0;
    %pushi/vec4 11, 0, 4;
    %store/vec4 v0x55ec1d606d80_0, 0, 4;
    %delay 5, 0;
    %pushi/vec4 12, 0, 4;
    %store/vec4 v0x55ec1d606d80_0, 0, 4;
    %delay 5, 0;
    %pushi/vec4 13, 0, 4;
    %store/vec4 v0x55ec1d606d80_0, 0, 4;
    %delay 5, 0;
    %pushi/vec4 14, 0, 4;
    %store/vec4 v0x55ec1d606d80_0, 0, 4;
    %delay 5, 0;
    %pushi/vec4 15, 0, 4;
    %store/vec4 v0x55ec1d606d80_0, 0, 4;
    %end;
    .thread T_1;
# The file index is used to find the file name in the following table.
:file_names 3;
    "N/A";
    "<interactive>";
    "seg7.v";
